Using pre-set license
Built from '2020.3/staging' branch; Version is '2020.3.14f1 (d0d1bb862f9d) revision 13685179'; Using compiler version '192528614'; Build Type 'Release'
OS: 'Windows 10 Education; OS build 19042.1110; Version 2009; 64bit' Language: 'ko' Physical Memory: 16266 MB
BatchMode: 1, IsHumanControllingUs: 0, StartBugReporterOnCrash: 0, Is64bit: 1, IsPro: 0

 COMMAND LINE ARGUMENTS:
C:\Program Files\Unity\Hub\Editor\2020.3.14f1\Editor\Unity.exe
-adb2
-batchMode
-noUpm
-name
AssetImportWorker0
-projectPath
C:/Users/dahyeon/Desktop/4개똥이여름/20210726_Unity_Uni-Run/Uni_Run
-logFile
Logs/AssetImportWorker0.log
-srvPort
56391
Successfully changed project path to: C:/Users/dahyeon/Desktop/4개똥이여름/20210726_Unity_Uni-Run/Uni_Run
C:/Users/dahyeon/Desktop/4개똥이여름/20210726_Unity_Uni-Run/Uni_Run
Using Asset Import Pipeline V2.
Refreshing native plugins compatible for Editor in 46.23 ms, found 3 plugins.
Preloading 0 native plugins for Editor in 0.00 ms.
Initialize engine version: 2020.3.14f1 (d0d1bb862f9d)
[Subsystems] Discovering subsystems at path C:/Program Files/Unity/Hub/Editor/2020.3.14f1/Editor/Data/Resources/UnitySubsystems
[Subsystems] Discovering subsystems at path C:/Users/dahyeon/Desktop/4개똥이여름/20210726_Unity_Uni-Run/Uni_Run/Assets
GfxDevice: creating device client; threaded=0
Direct3D:
    Version:  Direct3D 11.0 [level 11.0]
    Renderer: NVIDIA GeForce 940MX (ID=0x134d)
    Vendor:   
    VRAM:     2010 MB
    Driver:   27.21.14.5167
Initialize mono
Mono path[0] = 'C:/Program Files/Unity/Hub/Editor/2020.3.14f1/Editor/Data/Managed'
Mono path[1] = 'C:/Program Files/Unity/Hub/Editor/2020.3.14f1/Editor/Data/MonoBleedingEdge/lib/mono/unityjit'
Mono config path = 'C:/Program Files/Unity/Hub/Editor/2020.3.14f1/Editor/Data/MonoBleedingEdge/etc'
Using monoOptions --debugger-agent=transport=dt_socket,embedding=1,server=y,suspend=n,address=127.0.0.1:56576
Begin MonoManager ReloadAssembly
Registering precompiled unity dll's ...
Register platform support module: C:/Program Files/Unity/Hub/Editor/2020.3.14f1/Editor/Data/PlaybackEngines/WindowsStandaloneSupport/UnityEditor.WindowsStandalone.Extensions.dll
Registered in 0.003272 seconds.
Native extension for WindowsStandalone target not found
Refreshing native plugins compatible for Editor in 50.01 ms, found 3 plugins.
Preloading 0 native plugins for Editor in 0.00 ms.
Mono: successfully reloaded assembly
- Completed reload, in  2.283 seconds
Domain Reload Profiling:
	ReloadAssembly (2283ms)
		BeginReloadAssembly (76ms)
			ExecutionOrderSort (0ms)
			DisableScriptedObjects (0ms)
			BackupInstance (0ms)
			ReleaseScriptingObjects (0ms)
			CreateAndSetChildDomain (1ms)
		EndReloadAssembly (425ms)
			LoadAssemblies (72ms)
			RebuildTransferFunctionScriptingTraits (0ms)
			SetupTypeCache (149ms)
			ReleaseScriptCaches (0ms)
			RebuildScriptCaches (32ms)
			SetupLoadedEditorAssemblies (176ms)
				LogAssemblyErrors (0ms)
				InitializePlatformSupportModulesInManaged (4ms)
				SetLoadedEditorAssemblies (0ms)
				RefreshPlugins (50ms)
				BeforeProcessingInitializeOnLoad (11ms)
				ProcessInitializeOnLoadAttributes (83ms)
				ProcessInitializeOnLoadMethodAttributes (27ms)
				AfterProcessingInitializeOnLoad (0ms)
				EditorAssembliesLoaded (0ms)
			ExecutionOrderSort2 (0ms)
			AwakeInstancesAfterBackupRestoration (0ms)
Platform modules already initialized, skipping
Registering precompiled user dll's ...
Registered in 0.006623 seconds.
Begin MonoManager ReloadAssembly
Native extension for WindowsStandalone target not found
Refreshing native plugins compatible for Editor in 38.01 ms, found 3 plugins.
Preloading 0 native plugins for Editor in 0.00 ms.
Mono: successfully reloaded assembly
- Completed reload, in  1.216 seconds
Domain Reload Profiling:
	ReloadAssembly (1217ms)
		BeginReloadAssembly (167ms)
			ExecutionOrderSort (0ms)
			DisableScriptedObjects (4ms)
			BackupInstance (0ms)
			ReleaseScriptingObjects (0ms)
			CreateAndSetChildDomain (20ms)
		EndReloadAssembly (977ms)
			LoadAssemblies (118ms)
			RebuildTransferFunctionScriptingTraits (0ms)
			SetupTypeCache (307ms)
			ReleaseScriptCaches (1ms)
			RebuildScriptCaches (49ms)
			SetupLoadedEditorAssemblies (385ms)
				LogAssemblyErrors (0ms)
				InitializePlatformSupportModulesInManaged (4ms)
				SetLoadedEditorAssemblies (0ms)
				RefreshPlugins (38ms)
				BeforeProcessingInitializeOnLoad (110ms)
				ProcessInitializeOnLoadAttributes (210ms)
				ProcessInitializeOnLoadMethodAttributes (13ms)
				AfterProcessingInitializeOnLoad (10ms)
				EditorAssembliesLoaded (0ms)
			ExecutionOrderSort2 (0ms)
			AwakeInstancesAfterBackupRestoration (6ms)
Platform modules already initialized, skipping
========================================================================
Worker process is ready to serve import requests
Launched and connected shader compiler UnityShaderCompiler.exe after 0.05 seconds
Refreshing native plugins compatible for Editor in 0.40 ms, found 3 plugins.
Preloading 0 native plugins for Editor in 0.00 ms.
Unloading 2084 Unused Serialized files (Serialized files now loaded: 0)
System memory in use before: 92.9 MB.
System memory in use after: 92.9 MB.

Unloading 33 unused Assets to reduce memory usage. Loaded Objects now: 2517.
Total: 2.428200 ms (FindLiveObjects: 0.172900 ms CreateObjectMapping: 0.082700 ms MarkObjects: 2.009300 ms  DeleteObjects: 0.162500 ms)

AssetImportParameters requested are different than current active one (requested -> active):
  custom:framework-win-MediaFoundation: 216162199b28c13a410421893ffa2e32 -> 
  custom:video-decoder-ogg-theora: a1e56fd34408186e4bbccfd4996cb3dc -> 
  custom:container-muxer-webm: aa71ff27fc2769a1b78a27578f13a17b -> 
  custom:container-demuxer-webm: 4f35f7cbe854078d1ac9338744f61a02 -> 
  custom:container-demuxer-ogg: 62fdf1f143b41e24485cea50d1cbac27 -> 
  custom:video-encoder-webm-vp8: eb34c28f22e8b96e1ab97ce403110664 -> 
  custom:video-decoder-webm-vp8: 9c59270c3fd7afecdb556c50c9e8de78 -> 
  custom:audio-decoder-ogg-vorbis: bf7c407c2cedff20999df2af8eb42d56 -> 
  custom:audio-encoder-webm-vorbis: bf7c407c2cedff20999df2af8eb42d56 -> 
========================================================================
Received Import Request.
  path: Assets/Sprites
  artifactKey: Guid(6e805f53b33a3ef4fb3ba6f60aeca5bc) Importer(815301076,1909f56bfc062723c751e8b465ee728b)
Start importing Assets/Sprites using Guid(6e805f53b33a3ef4fb3ba6f60aeca5bc) Importer(815301076,1909f56bfc062723c751e8b465ee728b)  -> (artifact id: 'a7d4fb3bd72a50f54bceffce98847334') in 0.011546 seconds 
  Import took 0.015344 seconds .

========================================================================
Received Import Request.
  Time since last request: 27.417836 seconds.
  path: Assets/Sprites/Platform_Long.png
  artifactKey: Guid(545d92ac5dbfc6e40b3d500013d1c77a) Importer(815301076,1909f56bfc062723c751e8b465ee728b)
Start importing Assets/Sprites/Platform_Long.png using Guid(545d92ac5dbfc6e40b3d500013d1c77a) Importer(815301076,1909f56bfc062723c751e8b465ee728b)  -> (artifact id: 'e967d666f56421801eb6216962c7d3b3') in 0.118907 seconds 
  Import took 0.123024 seconds .

========================================================================
Received Import Request.
  Time since last request: 64.039644 seconds.
  path: ProjectSettings/TagManager.asset
  artifactKey: Guid(00000000000000003000000000000000) Importer(815301076,1909f56bfc062723c751e8b465ee728b)
Start importing ProjectSettings/TagManager.asset using Guid(00000000000000003000000000000000) Importer(815301076,1909f56bfc062723c751e8b465ee728b)  -> (artifact id: '95df672b4aaba54310d34c83eef51bb8') in 0.014184 seconds 
  Import took 0.017893 seconds .

========================================================================
Received Import Request.
  Time since last request: 781.542938 seconds.
  path: Assets/Sprites/Toko_Run.png
  artifactKey: Guid(6eae20cc9ca322d4ab21f993f4a5b06f) Importer(815301076,1909f56bfc062723c751e8b465ee728b)
Start importing Assets/Sprites/Toko_Run.png using Guid(6eae20cc9ca322d4ab21f993f4a5b06f) Importer(815301076,1909f56bfc062723c751e8b465ee728b)  -> (artifact id: '881cec8ed402ce8c266c82f0242c04da') in 0.025052 seconds 
  Import took 0.029079 seconds .

========================================================================
Received Import Request.
  Time since last request: 2.521877 seconds.
  path: Assets/Sprites/Toko_Jump.png
  artifactKey: Guid(37d1ddc3111a07b4d84d21a61c64c858) Importer(815301076,1909f56bfc062723c751e8b465ee728b)
Start importing Assets/Sprites/Toko_Jump.png using Guid(37d1ddc3111a07b4d84d21a61c64c858) Importer(815301076,1909f56bfc062723c751e8b465ee728b)  -> (artifact id: '6759891431d587a86ea378b77ce14e12') in 0.020536 seconds 
  Import took 0.024030 seconds .

========================================================================
Received Import Request.
  Time since last request: 2.275811 seconds.
  path: Assets/Sprites/Toko_Die.png
  artifactKey: Guid(015303af13b2afd4bb82606cda14d859) Importer(815301076,1909f56bfc062723c751e8b465ee728b)
Start importing Assets/Sprites/Toko_Die.png using Guid(015303af13b2afd4bb82606cda14d859) Importer(815301076,1909f56bfc062723c751e8b465ee728b)  -> (artifact id: '84714c37c147e8aa9410250b5c861aed') in 0.021319 seconds 
  Import took 0.024930 seconds .

========================================================================
Received Import Request.
  Time since last request: 35.510775 seconds.
  path: Assets/Sprites/Toko_Run.png
  artifactKey: Guid(6eae20cc9ca322d4ab21f993f4a5b06f) Importer(815301076,1909f56bfc062723c751e8b465ee728b)
Start importing Assets/Sprites/Toko_Run.png using Guid(6eae20cc9ca322d4ab21f993f4a5b06f) Importer(815301076,1909f56bfc062723c751e8b465ee728b)  -> (artifact id: '6d3fd5b8b2efa1dc53017a14d8b8d70a') in 0.015532 seconds 
  Import took 0.019661 seconds .

========================================================================
Received Import Request.
  Time since last request: 28.180928 seconds.
  path: Assets/Sprites/Toko_Run.png
  artifactKey: Guid(6eae20cc9ca322d4ab21f993f4a5b06f) Importer(815301076,1909f56bfc062723c751e8b465ee728b)
Start importing Assets/Sprites/Toko_Run.png using Guid(6eae20cc9ca322d4ab21f993f4a5b06f) Importer(815301076,1909f56bfc062723c751e8b465ee728b)  -> (artifact id: 'b8b888311247848e2bf6d5315b29d5fe') in 0.034786 seconds 
  Import took 0.038320 seconds .

========================================================================
Received Import Request.
  Time since last request: 11.452817 seconds.
  path: Assets/Sprites/Toko_Jump.png
  artifactKey: Guid(37d1ddc3111a07b4d84d21a61c64c858) Importer(815301076,1909f56bfc062723c751e8b465ee728b)
Start importing Assets/Sprites/Toko_Jump.png using Guid(37d1ddc3111a07b4d84d21a61c64c858) Importer(815301076,1909f56bfc062723c751e8b465ee728b)  -> (artifact id: '210e17f768c3f66709c8a5236bcac189') in 0.020703 seconds 
  Import took 0.024190 seconds .

========================================================================
Received Import Request.
  Time since last request: 6.253047 seconds.
  path: Assets/Sprites/Toko_Jump.png
  artifactKey: Guid(37d1ddc3111a07b4d84d21a61c64c858) Importer(815301076,1909f56bfc062723c751e8b465ee728b)
Start importing Assets/Sprites/Toko_Jump.png using Guid(37d1ddc3111a07b4d84d21a61c64c858) Importer(815301076,1909f56bfc062723c751e8b465ee728b)  -> (artifact id: '5e0ae10ddb50b6243ce987e39a186789') in 0.035599 seconds 
  Import took 0.039093 seconds .

========================================================================
Received Import Request.
  Time since last request: 11.897340 seconds.
  path: Assets/Sprites/Toko_Die.png
  artifactKey: Guid(015303af13b2afd4bb82606cda14d859) Importer(815301076,1909f56bfc062723c751e8b465ee728b)
Start importing Assets/Sprites/Toko_Die.png using Guid(015303af13b2afd4bb82606cda14d859) Importer(815301076,1909f56bfc062723c751e8b465ee728b)  -> (artifact id: '1b305dcee1737fd7813705d84e6425cd') in 0.015193 seconds 
  Import took 0.019440 seconds .

========================================================================
Received Import Request.
  Time since last request: 8.999000 seconds.
  path: Assets/Sprites/Toko_Die.png
  artifactKey: Guid(015303af13b2afd4bb82606cda14d859) Importer(815301076,1909f56bfc062723c751e8b465ee728b)
Start importing Assets/Sprites/Toko_Die.png using Guid(015303af13b2afd4bb82606cda14d859) Importer(815301076,1909f56bfc062723c751e8b465ee728b)  -> (artifact id: 'e1898a99af7a79cbee0c95a8402aa56a') in 0.057545 seconds 
  Import took 0.061180 seconds .

========================================================================
Received Import Request.
  Time since last request: 486.980325 seconds.
  path: Assets
  artifactKey: Guid(00000000000000001000000000000000) Importer(815301076,1909f56bfc062723c751e8b465ee728b)
Start importing Assets using Guid(00000000000000001000000000000000) Importer(815301076,1909f56bfc062723c751e8b465ee728b)  -> (artifact id: '42d402b061de3733987d63b9cc3b64de') in 0.011215 seconds 
  Import took 0.015446 seconds .

========================================================================
Received Import Request.
  Time since last request: 3.846583 seconds.
  path: Assets/Audio
  artifactKey: Guid(55807ec327fd4de4b808159ced2d53b5) Importer(815301076,1909f56bfc062723c751e8b465ee728b)
Start importing Assets/Audio using Guid(55807ec327fd4de4b808159ced2d53b5) Importer(815301076,1909f56bfc062723c751e8b465ee728b)  -> (artifact id: 'bb9055382439b9a32282e47ffdb8ce4e') in 0.008420 seconds 
  Import took 0.012669 seconds .

========================================================================
Received Import Request.
  Time since last request: 11.056653 seconds.
  path: Assets/Audio/jump.wav
  artifactKey: Guid(4039471c746a065438e93b58f7a5f368) Importer(815301076,1909f56bfc062723c751e8b465ee728b)
Start importing Assets/Audio/jump.wav using Guid(4039471c746a065438e93b58f7a5f368) Importer(815301076,1909f56bfc062723c751e8b465ee728b)  -> (artifact id: '41de480de6ad13f6376198b36333f489') in 0.050192 seconds 
  Import took 0.053424 seconds .

========================================================================
Received Import Request.
  Time since last request: 102.563475 seconds.
  path: Assets/Animations
  artifactKey: Guid(3b642d4bd41dc214fac47259975b734b) Importer(815301076,1909f56bfc062723c751e8b465ee728b)
Start importing Assets/Animations using Guid(3b642d4bd41dc214fac47259975b734b) Importer(815301076,1909f56bfc062723c751e8b465ee728b)  -> (artifact id: '1c8ebeb64511ff943cc743fb059d14b0') in 0.008920 seconds 
  Import took 0.013216 seconds .

========================================================================
Received Import Request.
  Time since last request: 1588.333102 seconds.
  path: Assets/Animations/Jump.anim
  artifactKey: Guid(2ac4923dc2d11794dae549a6f3c87e99) Importer(815301076,1909f56bfc062723c751e8b465ee728b)
Start importing Assets/Animations/Jump.anim using Guid(2ac4923dc2d11794dae549a6f3c87e99) Importer(815301076,1909f56bfc062723c751e8b465ee728b)  -> (artifact id: 'bc7414246ed5cdbfb56c81a0f1d8f0b8') in 0.026565 seconds 
  Import took 0.036392 seconds .

========================================================================
Received Import Request.
  Time since last request: 124.160350 seconds.
  path: Assets/Animations/Run.anim
  artifactKey: Guid(1bada5c0aeb2dc646b25834d03954398) Importer(815301076,1909f56bfc062723c751e8b465ee728b)
Start importing Assets/Animations/Run.anim using Guid(1bada5c0aeb2dc646b25834d03954398) Importer(815301076,1909f56bfc062723c751e8b465ee728b)  -> (artifact id: 'f691b804b2fb31ed48ac0fa045788f9a') in 0.036392 seconds 
  Import took 0.049997 seconds .

========================================================================
Received Import Request.
  Time since last request: 1.131867 seconds.
  path: Assets/Animations/Die.anim
  artifactKey: Guid(bc6b473ac66e0c144a75fb46d3993033) Importer(815301076,1909f56bfc062723c751e8b465ee728b)
Start importing Assets/Animations/Die.anim using Guid(bc6b473ac66e0c144a75fb46d3993033) Importer(815301076,1909f56bfc062723c751e8b465ee728b)  -> (artifact id: 'eae6265e38899b2617f763ba1845438a') in 0.016555 seconds 
  Import took 0.024038 seconds .

========================================================================
Received Import Request.
  Time since last request: 0.003922 seconds.
  path: Assets/Animations/Die.anim
  artifactKey: Guid(bc6b473ac66e0c144a75fb46d3993033) Importer(815301076,1909f56bfc062723c751e8b465ee728b)
Start importing Assets/Animations/Die.anim using Guid(bc6b473ac66e0c144a75fb46d3993033) Importer(815301076,1909f56bfc062723c751e8b465ee728b)  -> (artifact id: 'eae6265e38899b2617f763ba1845438a') in 0.007018 seconds 
  Import took 0.014444 seconds .

========================================================================
Received Import Request.
  Time since last request: 3.708384 seconds.
  path: Assets/Animations/Die.anim
  artifactKey: Guid(bc6b473ac66e0c144a75fb46d3993033) Importer(815301076,1909f56bfc062723c751e8b465ee728b)
Start importing Assets/Animations/Die.anim using Guid(bc6b473ac66e0c144a75fb46d3993033) Importer(815301076,1909f56bfc062723c751e8b465ee728b)  -> (artifact id: 'becd8a06387c3227645acdaa7f0891ed') in 0.005663 seconds 
  Import took 0.011780 seconds .

========================================================================
Received Import Request.
  Time since last request: 397.276251 seconds.
  path: Assets/Animations/Player.controller
  artifactKey: Guid(ec08945f759c8714ea42163b08895831) Importer(815301076,1909f56bfc062723c751e8b465ee728b)
Start importing Assets/Animations/Player.controller using Guid(ec08945f759c8714ea42163b08895831) Importer(815301076,1909f56bfc062723c751e8b465ee728b)  -> (artifact id: '3f0d07a9610d3d212046e9d6f35137c8') in 0.070234 seconds 
  Import took 0.090178 seconds .

========================================================================
Received Import Request.
  Time since last request: 1548.380278 seconds.
  path: Assets/Scripts
  artifactKey: Guid(8a1961e3106c2564b8eb441f13af0a05) Importer(815301076,1909f56bfc062723c751e8b465ee728b)
Start importing Assets/Scripts using Guid(8a1961e3106c2564b8eb441f13af0a05) Importer(815301076,1909f56bfc062723c751e8b465ee728b)  -> (artifact id: '9719cde78f9c57c8afcea8dd25024f9f') in 0.020613 seconds 
  Import took 0.030931 seconds .

========================================================================
Received Import Request.
  Time since last request: 9.906562 seconds.
  path: Assets/Scripts/PlayerController.cs
  artifactKey: Guid(23d7cafe0d2676d4eb7ea56d461308f2) Importer(815301076,1909f56bfc062723c751e8b465ee728b)
Start importing Assets/Scripts/PlayerController.cs using Guid(23d7cafe0d2676d4eb7ea56d461308f2) Importer(815301076,1909f56bfc062723c751e8b465ee728b)  -> (artifact id: '2a848e547d465846f77694b55ae5e5ff') in 0.042785 seconds 
  Import took 0.049460 seconds .

========================================================================
Received Import Request.
  Time since last request: 0.002515 seconds.
  path: Assets/Scripts/PlayerController.cs
  artifactKey: Guid(23d7cafe0d2676d4eb7ea56d461308f2) Importer(815301076,1909f56bfc062723c751e8b465ee728b)
Start importing Assets/Scripts/PlayerController.cs using Guid(23d7cafe0d2676d4eb7ea56d461308f2) Importer(815301076,1909f56bfc062723c751e8b465ee728b)  -> (artifact id: '2a848e547d465846f77694b55ae5e5ff') in 0.005658 seconds 
  Import took 0.012843 seconds .

========================================================================
Received Prepare
Registering precompiled user dll's ...
Registered in 0.014200 seconds.
Begin MonoManager ReloadAssembly
Native extension for WindowsStandalone target not found
Refreshing native plugins compatible for Editor in 2.20 ms, found 3 plugins.
Preloading 0 native plugins for Editor in 0.00 ms.
Mono: successfully reloaded assembly
- Completed reload, in  3.190 seconds
Domain Reload Profiling:
	ReloadAssembly (3191ms)
		BeginReloadAssembly (296ms)
			ExecutionOrderSort (0ms)
			DisableScriptedObjects (10ms)
			BackupInstance (0ms)
			ReleaseScriptingObjects (0ms)
			CreateAndSetChildDomain (83ms)
		EndReloadAssembly (2725ms)
			LoadAssemblies (277ms)
			RebuildTransferFunctionScriptingTraits (0ms)
			SetupTypeCache (702ms)
			ReleaseScriptCaches (1ms)
			RebuildScriptCaches (110ms)
			SetupLoadedEditorAssemblies (1273ms)
				LogAssemblyErrors (0ms)
				InitializePlatformSupportModulesInManaged (17ms)
				SetLoadedEditorAssemblies (2ms)
				RefreshPlugins (2ms)
				BeforeProcessingInitializeOnLoad (400ms)
				ProcessInitializeOnLoadAttributes (786ms)
				ProcessInitializeOnLoadMethodAttributes (27ms)
				AfterProcessingInitializeOnLoad (36ms)
				EditorAssembliesLoaded (1ms)
			ExecutionOrderSort2 (0ms)
			AwakeInstancesAfterBackupRestoration (49ms)
Platform modules already initialized, skipping
Refreshing native plugins compatible for Editor in 0.81 ms, found 3 plugins.
Preloading 0 native plugins for Editor in 0.00 ms.
Unloading 2080 Unused Serialized files (Serialized files now loaded: 0)
System memory in use before: 95.9 MB.
System memory in use after: 95.9 MB.

Unloading 22 unused Assets to reduce memory usage. Loaded Objects now: 2540.
Total: 5.386700 ms (FindLiveObjects: 0.503300 ms CreateObjectMapping: 0.176900 ms MarkObjects: 4.481300 ms  DeleteObjects: 0.223000 ms)

AssetImportParameters requested are different than current active one (requested -> active):
  custom:framework-win-MediaFoundation: 216162199b28c13a410421893ffa2e32 -> 
  custom:video-decoder-ogg-theora: a1e56fd34408186e4bbccfd4996cb3dc -> 
  custom:container-muxer-webm: aa71ff27fc2769a1b78a27578f13a17b -> 
  custom:container-demuxer-webm: 4f35f7cbe854078d1ac9338744f61a02 -> 
  custom:container-demuxer-ogg: 62fdf1f143b41e24485cea50d1cbac27 -> 
  custom:video-encoder-webm-vp8: eb34c28f22e8b96e1ab97ce403110664 -> 
  custom:video-decoder-webm-vp8: 9c59270c3fd7afecdb556c50c9e8de78 -> 
  custom:audio-decoder-ogg-vorbis: bf7c407c2cedff20999df2af8eb42d56 -> 
  custom:audio-encoder-webm-vorbis: bf7c407c2cedff20999df2af8eb42d56 -> 
========================================================================
Received Import Request.
  Time since last request: 3169.716699 seconds.
  path: Assets/Scripts/PlayerController.cs
  artifactKey: Guid(23d7cafe0d2676d4eb7ea56d461308f2) Importer(815301076,1909f56bfc062723c751e8b465ee728b)
Start importing Assets/Scripts/PlayerController.cs using Guid(23d7cafe0d2676d4eb7ea56d461308f2) Importer(815301076,1909f56bfc062723c751e8b465ee728b)  -> (artifact id: '012d5326e716f06e31bacdc9ece86299') in 0.021604 seconds 
  Import took 0.033245 seconds .

========================================================================
Received Import Request.
  Time since last request: 0.018790 seconds.
  path: Assets/Scripts/PlayerController.cs
  artifactKey: Guid(23d7cafe0d2676d4eb7ea56d461308f2) Importer(815301076,1909f56bfc062723c751e8b465ee728b)
Start importing Assets/Scripts/PlayerController.cs using Guid(23d7cafe0d2676d4eb7ea56d461308f2) Importer(815301076,1909f56bfc062723c751e8b465ee728b)  -> (artifact id: '012d5326e716f06e31bacdc9ece86299') in 0.004835 seconds 
  Import took 0.011800 seconds .

========================================================================
Received Prepare
Registering precompiled user dll's ...
Registered in 0.010101 seconds.
Begin MonoManager ReloadAssembly
Native extension for WindowsStandalone target not found
Refreshing native plugins compatible for Editor in 0.79 ms, found 3 plugins.
Preloading 0 native plugins for Editor in 0.00 ms.
Mono: successfully reloaded assembly
- Completed reload, in  3.029 seconds
Domain Reload Profiling:
	ReloadAssembly (3030ms)
		BeginReloadAssembly (207ms)
			ExecutionOrderSort (0ms)
			DisableScriptedObjects (10ms)
			BackupInstance (0ms)
			ReleaseScriptingObjects (0ms)
			CreateAndSetChildDomain (52ms)
		EndReloadAssembly (2661ms)
			LoadAssemblies (236ms)
			RebuildTransferFunctionScriptingTraits (0ms)
			SetupTypeCache (755ms)
			ReleaseScriptCaches (3ms)
			RebuildScriptCaches (176ms)
			SetupLoadedEditorAssemblies (1118ms)
				LogAssemblyErrors (0ms)
				InitializePlatformSupportModulesInManaged (12ms)
				SetLoadedEditorAssemblies (1ms)
				RefreshPlugins (1ms)
				BeforeProcessingInitializeOnLoad (391ms)
				ProcessInitializeOnLoadAttributes (670ms)
				ProcessInitializeOnLoadMethodAttributes (21ms)
				AfterProcessingInitializeOnLoad (22ms)
				EditorAssembliesLoaded (1ms)
			ExecutionOrderSort2 (0ms)
			AwakeInstancesAfterBackupRestoration (26ms)
Platform modules already initialized, skipping
Refreshing native plugins compatible for Editor in 0.99 ms, found 3 plugins.
Preloading 0 native plugins for Editor in 0.00 ms.
Unloading 2080 Unused Serialized files (Serialized files now loaded: 0)
System memory in use before: 96.0 MB.
System memory in use after: 95.9 MB.

Unloading 21 unused Assets to reduce memory usage. Loaded Objects now: 2544.
Total: 7.349100 ms (FindLiveObjects: 0.509100 ms CreateObjectMapping: 0.288700 ms MarkObjects: 6.150000 ms  DeleteObjects: 0.397700 ms)

AssetImportParameters requested are different than current active one (requested -> active):
  custom:framework-win-MediaFoundation: 216162199b28c13a410421893ffa2e32 -> 
  custom:video-decoder-ogg-theora: a1e56fd34408186e4bbccfd4996cb3dc -> 
  custom:container-muxer-webm: aa71ff27fc2769a1b78a27578f13a17b -> 
  custom:container-demuxer-webm: 4f35f7cbe854078d1ac9338744f61a02 -> 
  custom:container-demuxer-ogg: 62fdf1f143b41e24485cea50d1cbac27 -> 
  custom:video-encoder-webm-vp8: eb34c28f22e8b96e1ab97ce403110664 -> 
  custom:video-decoder-webm-vp8: 9c59270c3fd7afecdb556c50c9e8de78 -> 
  custom:audio-decoder-ogg-vorbis: bf7c407c2cedff20999df2af8eb42d56 -> 
  custom:audio-encoder-webm-vorbis: bf7c407c2cedff20999df2af8eb42d56 -> 
========================================================================
Received Import Request.
  Time since last request: 272.906781 seconds.
  path: Assets/Audio/die.wav
  artifactKey: Guid(ab045acdcfb752149b7838a444755d30) Importer(815301076,1909f56bfc062723c751e8b465ee728b)
Start importing Assets/Audio/die.wav using Guid(ab045acdcfb752149b7838a444755d30) Importer(815301076,1909f56bfc062723c751e8b465ee728b)  -> (artifact id: 'e9425f8d6e59f980677d5f28dcd2d9a0') in 0.140627 seconds 
  Import took 0.151428 seconds .

========================================================================
Received Prepare
Registering precompiled user dll's ...
Registered in 0.014233 seconds.
Begin MonoManager ReloadAssembly
Native extension for WindowsStandalone target not found
Refreshing native plugins compatible for Editor in 0.95 ms, found 3 plugins.
Preloading 0 native plugins for Editor in 0.00 ms.
Mono: successfully reloaded assembly
- Completed reload, in  2.935 seconds
Domain Reload Profiling:
	ReloadAssembly (2936ms)
		BeginReloadAssembly (358ms)
			ExecutionOrderSort (0ms)
			DisableScriptedObjects (22ms)
			BackupInstance (0ms)
			ReleaseScriptingObjects (0ms)
			CreateAndSetChildDomain (94ms)
		EndReloadAssembly (2404ms)
			LoadAssemblies (276ms)
			RebuildTransferFunctionScriptingTraits (0ms)
			SetupTypeCache (983ms)
			ReleaseScriptCaches (1ms)
			RebuildScriptCaches (87ms)
			SetupLoadedEditorAssemblies (875ms)
				LogAssemblyErrors (0ms)
				InitializePlatformSupportModulesInManaged (13ms)
				SetLoadedEditorAssemblies (2ms)
				RefreshPlugins (1ms)
				BeforeProcessingInitializeOnLoad (285ms)
				ProcessInitializeOnLoadAttributes (538ms)
				ProcessInitializeOnLoadMethodAttributes (14ms)
				AfterProcessingInitializeOnLoad (22ms)
				EditorAssembliesLoaded (0ms)
			ExecutionOrderSort2 (0ms)
			AwakeInstancesAfterBackupRestoration (30ms)
Platform modules already initialized, skipping
Refreshing native plugins compatible for Editor in 1.28 ms, found 3 plugins.
Preloading 0 native plugins for Editor in 0.00 ms.
Unloading 2080 Unused Serialized files (Serialized files now loaded: 0)
System memory in use before: 96.0 MB.
System memory in use after: 96.0 MB.

Unloading 21 unused Assets to reduce memory usage. Loaded Objects now: 2549.
Total: 5.122900 ms (FindLiveObjects: 0.376900 ms CreateObjectMapping: 0.170900 ms MarkObjects: 4.361700 ms  DeleteObjects: 0.211100 ms)

AssetImportParameters requested are different than current active one (requested -> active):
  custom:framework-win-MediaFoundation: 216162199b28c13a410421893ffa2e32 -> 
  custom:video-decoder-ogg-theora: a1e56fd34408186e4bbccfd4996cb3dc -> 
  custom:container-muxer-webm: aa71ff27fc2769a1b78a27578f13a17b -> 
  custom:container-demuxer-webm: 4f35f7cbe854078d1ac9338744f61a02 -> 
  custom:container-demuxer-ogg: 62fdf1f143b41e24485cea50d1cbac27 -> 
  custom:video-encoder-webm-vp8: eb34c28f22e8b96e1ab97ce403110664 -> 
  custom:video-decoder-webm-vp8: 9c59270c3fd7afecdb556c50c9e8de78 -> 
  custom:audio-decoder-ogg-vorbis: bf7c407c2cedff20999df2af8eb42d56 -> 
  custom:audio-encoder-webm-vorbis: bf7c407c2cedff20999df2af8eb42d56 -> 
AssetImportWorkerClient::OnTransportError - code=2 error=End of file
